2022-07-23 23:53:13,431 - __main__ - INFO - Token value: Token not available!
2022-07-23 23:53:15,322 - __main__ - INFO - Weather in Berlin: 27.55
2022-07-23 23:58:16,215 - __main__ - INFO - Token value: Token not available!
2022-07-23 23:58:18,069 - __main__ - INFO - Weather in Sonamukhi: light rain
2022-07-23 23:58:18,071 - __main__ - INFO - Temperature in Sonamukhi: 27.55
2022-07-24 00:38:57,029 - __main__ - INFO - Token value: Token not available!
2022-07-24 00:38:59,086 - __main__ - INFO - Weather in Sonamukhi: heavy intensity rain
2022-07-24 00:38:59,086 - __main__ - INFO - Temperature in Sonamukhi: 27.24
2022-07-23 19:22:24,601 - __main__ - INFO - Token value: 1234
2022-07-23 19:22:25,172 - __main__ - INFO - Weather in Sonamukhi: heavy intensity rain
2022-07-23 19:22:25,172 - __main__ - INFO - Temperature in Sonamukhi: 27.24
2022-07-23 19:29:24,365 - __main__ - INFO - Token value: 1234
2022-07-23 19:29:25,011 - __main__ - INFO - Weather in Sonamukhi: moderate rain
2022-07-23 19:29:25,012 - __main__ - INFO - Temperature in Sonamukhi: 27.24
2022-07-23 19:36:57,953 - __main__ - INFO - Token value: 1234
2022-07-23 19:36:58,109 - __main__ - INFO - Weather in Sonamukhi: moderate rain
2022-07-23 19:36:58,109 - __main__ - INFO - Temperature in Sonamukhi: 27.24
2022-07-23 20:10:38,793 - __main__ - INFO - Token value: 1234
2022-07-23 20:10:39,598 - __main__ - INFO - Weather in Sonamukhi: heavy intensity rain
2022-07-23 20:10:39,598 - __main__ - INFO - Temperature in Sonamukhi: 26.96
2022-07-23 20:30:31,453 - __main__ - INFO - Token value: 1234
2022-07-23 20:30:32,128 - __main__ - INFO - Weather in Sonamukhi: heavy intensity rain
2022-07-23 20:30:32,129 - __main__ - INFO - Temperature in Sonamukhi: 26.72
2022-07-23 20:43:15,783 - __main__ - INFO - Token value: 1234
2022-07-23 20:43:15,903 - __main__ - INFO - Weather in Sonamukhi: heavy intensity rain
2022-07-23 20:43:15,904 - __main__ - INFO - Temperature in Sonamukhi: 26.96
2022-07-23 20:50:41,925 - __main__ - INFO - Token value: 1234
2022-07-23 20:50:42,394 - __main__ - INFO - Weather in Sonamukhi: heavy intensity rain
2022-07-23 20:50:42,394 - __main__ - INFO - Temperature in Sonamukhi: 26.96
2022-07-23 20:58:06,665 - __main__ - INFO - Token value: 1234
2022-07-23 20:58:06,792 - __main__ - INFO - Weather in Sonamukhi: heavy intensity rain
2022-07-23 20:58:06,792 - __main__ - INFO - Temperature in Sonamukhi: 26.96
2022-07-23 21:14:54,577 - __main__ - INFO - Token value: 1234
2022-07-23 21:14:55,192 - __main__ - INFO - Weather in Sonamukhi: overcast clouds
2022-07-23 21:14:55,192 - __main__ - INFO - Temperature in Sonamukhi: 26.72
2022-07-23 22:09:23,785 - __main__ - INFO - Token value: 1234
2022-07-23 22:09:24,173 - __main__ - INFO - Weather in Sonamukhi: overcast clouds
2022-07-23 22:09:24,173 - __main__ - INFO - Temperature in Sonamukhi: 26.72
2022-07-23 22:28:14,317 - __main__ - INFO - Token value: 1234
2022-07-23 22:28:15,126 - __main__ - INFO - Weather in Sonamukhi: moderate rain
2022-07-23 22:28:15,126 - __main__ - INFO - Temperature in Sonamukhi: 26.67
2022-07-23 22:40:03,474 - __main__ - INFO - Token value: 1234
2022-07-23 22:40:04,171 - __main__ - INFO - Weather in Sonamukhi: heavy intensity rain
2022-07-23 22:40:04,171 - __main__ - INFO - Temperature in Sonamukhi: 26.56
2022-07-23 22:47:39,498 - __main__ - INFO - Token value: 1234
2022-07-23 22:47:40,273 - __main__ - INFO - Weather in Sonamukhi: heavy intensity rain
2022-07-23 22:47:40,273 - __main__ - INFO - Temperature in Sonamukhi: 26.56
2022-07-23 22:55:11,927 - __main__ - INFO - Token value: 1234
2022-07-23 22:55:12,427 - __main__ - INFO - Weather in Sonamukhi: heavy intensity rain
2022-07-23 22:55:12,428 - __main__ - INFO - Temperature in Sonamukhi: 26.56
2022-07-23 23:09:48,717 - __main__ - INFO - Token value: 1234
2022-07-23 23:09:49,090 - __main__ - INFO - Weather in Sonamukhi: moderate rain
2022-07-23 23:09:49,091 - __main__ - INFO - Temperature in Sonamukhi: 26.67
2022-07-24 01:01:14,615 - __main__ - INFO - Token value: 1234
2022-07-24 01:01:15,410 - __main__ - INFO - Weather in Sonamukhi: overcast clouds
2022-07-24 01:01:15,410 - __main__ - INFO - Temperature in Sonamukhi: 27.33
2022-07-24 04:26:05,454 - __main__ - INFO - Token value: 1234
2022-07-24 04:26:05,847 - __main__ - INFO - Weather in Sonamukhi: overcast clouds
2022-07-24 04:26:05,848 - __main__ - INFO - Temperature in Sonamukhi: 28.15
2022-07-24 04:57:09,282 - __main__ - INFO - Token value: 1234
2022-07-24 04:57:10,718 - __main__ - INFO - Weather in Sonamukhi: overcast clouds
2022-07-24 04:57:10,718 - __main__ - INFO - Temperature in Sonamukhi: 28.15
2022-07-24 05:17:16,304 - __main__ - INFO - Token value: 1234
2022-07-24 05:17:16,413 - __main__ - INFO - Weather in Sonamukhi: overcast clouds
2022-07-24 05:17:16,413 - __main__ - INFO - Temperature in Sonamukhi: 28.15
2022-07-24 06:12:42,788 - __main__ - INFO - Token value: 1234
2022-07-24 06:12:43,441 - __main__ - INFO - Weather in Sonamukhi: overcast clouds
2022-07-24 06:12:43,442 - __main__ - INFO - Temperature in Sonamukhi: 30.15
